{"/home/kevin/go/src/github.com/getwagz/drs-listener/src/index.ts": {"path":"/home/kevin/go/src/github.com/getwagz/drs-listener/src/index.ts","statementMap":{"0":{"start":{"line":1,"column":0},"end":{"line":1,"column":25}}},"fnMap":{},"branchMap":{},"s":{"0":1},"f":{},"b":{}}
,"/home/kevin/go/src/github.com/getwagz/drs-listener/src/router.test.messages.ts": {"path":"/home/kevin/go/src/github.com/getwagz/drs-listener/src/router.test.messages.ts","statementMap":{"0":{"start":{"line":1,"column":16},"end":{"line":1,"column":37}},"1":{"start":{"line":2,"column":15},"end":{"line":2,"column":27}},"2":{"start":{"line":3,"column":13},"end":{"line":3,"column":23}},"3":{"start":{"line":4,"column":15},"end":{"line":4,"column":31}},"4":{"start":{"line":5,"column":16},"end":{"line":5,"column":43}},"5":{"start":{"line":6,"column":19},"end":{"line":6,"column":43}},"6":{"start":{"line":8,"column":13},"end":{"line":15,"column":2}},"7":{"start":{"line":17,"column":13},"end":{"line":28,"column":2}},"8":{"start":{"line":30,"column":13},"end":{"line":41,"column":2}},"9":{"start":{"line":43,"column":13},"end":{"line":54,"column":2}},"10":{"start":{"line":56,"column":13},"end":{"line":67,"column":2}},"11":{"start":{"line":69,"column":13},"end":{"line":80,"column":2}},"12":{"start":{"line":82,"column":13},"end":{"line":93,"column":2}},"13":{"start":{"line":95,"column":13},"end":{"line":106,"column":2}}},"fnMap":{},"branchMap":{},"s":{"0":1,"1":1,"2":1,"3":1,"4":1,"5":1,"6":1,"7":1,"8":1,"9":1,"10":1,"11":1,"12":1,"13":1},"f":{},"b":{}}
,"/home/kevin/go/src/github.com/getwagz/drs-listener/src/router.ts": {"path":"/home/kevin/go/src/github.com/getwagz/drs-listener/src/router.ts","statementMap":{"0":{"start":{"line":2,"column":0},"end":{"line":2,"column":49}},"1":{"start":{"line":4,"column":18},"end":{"line":4,"column":40}},"2":{"start":{"line":48,"column":26},"end":{"line":54,"column":36}},"3":{"start":{"line":61,"column":13},"end":{"line":157,"column":2}},"4":{"start":{"line":62,"column":2},"end":{"line":156,"column":5}},"5":{"start":{"line":62,"column":71},"end":{"line":156,"column":3}},"6":{"start":{"line":63,"column":4},"end":{"line":69,"column":5}},"7":{"start":{"line":64,"column":42},"end":{"line":67,"column":7}},"8":{"start":{"line":68,"column":6},"end":{"line":68,"column":47}},"9":{"start":{"line":70,"column":18},"end":{"line":70,"column":44}},"10":{"start":{"line":74,"column":4},"end":{"line":92,"column":5}},"11":{"start":{"line":75,"column":6},"end":{"line":75,"column":32}},"12":{"start":{"line":76,"column":11},"end":{"line":92,"column":5}},"13":{"start":{"line":77,"column":6},"end":{"line":77,"column":30}},"14":{"start":{"line":78,"column":11},"end":{"line":92,"column":5}},"15":{"start":{"line":79,"column":6},"end":{"line":79,"column":29}},"16":{"start":{"line":80,"column":11},"end":{"line":92,"column":5}},"17":{"start":{"line":81,"column":6},"end":{"line":81,"column":30}},"18":{"start":{"line":82,"column":11},"end":{"line":92,"column":5}},"19":{"start":{"line":85,"column":6},"end":{"line":91,"column":7}},"20":{"start":{"line":86,"column":48},"end":{"line":89,"column":9}},"21":{"start":{"line":90,"column":8},"end":{"line":90,"column":53}},"22":{"start":{"line":95,"column":25},"end":{"line":95,"column":73}},"23":{"start":{"line":96,"column":20},"end":{"line":96,"column":64}},"24":{"start":{"line":97,"column":24},"end":{"line":97,"column":65}},"25":{"start":{"line":100,"column":23},"end":{"line":100,"column":62}},"26":{"start":{"line":102,"column":4},"end":{"line":148,"column":5}},"27":{"start":{"line":103,"column":6},"end":{"line":105,"column":7}},"28":{"start":{"line":104,"column":8},"end":{"line":104,"column":89}},"29":{"start":{"line":106,"column":6},"end":{"line":106,"column":36}},"30":{"start":{"line":107,"column":11},"end":{"line":148,"column":5}},"31":{"start":{"line":108,"column":6},"end":{"line":110,"column":7}},"32":{"start":{"line":109,"column":8},"end":{"line":109,"column":87}},"33":{"start":{"line":111,"column":6},"end":{"line":111,"column":36}},"34":{"start":{"line":112,"column":11},"end":{"line":148,"column":5}},"35":{"start":{"line":113,"column":6},"end":{"line":120,"column":7}},"36":{"start":{"line":114,"column":38},"end":{"line":118,"column":9}},"37":{"start":{"line":119,"column":8},"end":{"line":119,"column":105}},"38":{"start":{"line":121,"column":6},"end":{"line":121,"column":36}},"39":{"start":{"line":122,"column":11},"end":{"line":148,"column":5}},"40":{"start":{"line":123,"column":6},"end":{"line":130,"column":7}},"41":{"start":{"line":124,"column":38},"end":{"line":128,"column":9}},"42":{"start":{"line":129,"column":8},"end":{"line":129,"column":96}},"43":{"start":{"line":131,"column":6},"end":{"line":131,"column":36}},"44":{"start":{"line":132,"column":11},"end":{"line":148,"column":5}},"45":{"start":{"line":133,"column":6},"end":{"line":140,"column":7}},"46":{"start":{"line":134,"column":38},"end":{"line":138,"column":9}},"47":{"start":{"line":139,"column":8},"end":{"line":139,"column":93}},"48":{"start":{"line":141,"column":6},"end":{"line":141,"column":36}},"49":{"start":{"line":142,"column":11},"end":{"line":148,"column":5}},"50":{"start":{"line":143,"column":6},"end":{"line":146,"column":7}},"51":{"start":{"line":144,"column":33},"end":{"line":144,"column":89}},"52":{"start":{"line":145,"column":8},"end":{"line":145,"column":132}},"53":{"start":{"line":147,"column":6},"end":{"line":147,"column":36}},"54":{"start":{"line":151,"column":26},"end":{"line":154,"column":5}},"55":{"start":{"line":155,"column":4},"end":{"line":155,"column":31}}},"fnMap":{"0":{"name":"(anonymous_6)","decl":{"start":{"line":61,"column":30},"end":{"line":61,"column":31}},"loc":{"start":{"line":61,"column":70},"end":{"line":157,"column":1}}},"1":{"name":"(anonymous_7)","decl":{"start":{"line":62,"column":27},"end":{"line":62,"column":34}},"loc":{"start":{"line":62,"column":71},"end":{"line":156,"column":3}}},"2":{"name":"(anonymous_8)","decl":{"start":{"line":62,"column":71},"end":{"line":null,"column":-1}},"loc":{"start":{"line":62,"column":71},"end":{"line":156,"column":3}}}},"branchMap":{"0":{"loc":{"start":{"line":63,"column":4},"end":{"line":69,"column":5}},"type":"if","locations":[{"start":{"line":63,"column":4},"end":{"line":69,"column":5}},{"start":{"line":63,"column":4},"end":{"line":69,"column":5}}]},"1":{"loc":{"start":{"line":74,"column":4},"end":{"line":92,"column":5}},"type":"if","locations":[{"start":{"line":74,"column":4},"end":{"line":92,"column":5}},{"start":{"line":74,"column":4},"end":{"line":92,"column":5}}]},"2":{"loc":{"start":{"line":74,"column":7},"end":{"line":74,"column":22}},"type":"binary-expr","locations":[{"start":{"line":74,"column":7},"end":{"line":74,"column":22}},{"start":{"line":74,"column":26},"end":{"line":74,"column":52}}]},"3":{"loc":{"start":{"line":76,"column":11},"end":{"line":92,"column":5}},"type":"if","locations":[{"start":{"line":76,"column":11},"end":{"line":92,"column":5}},{"start":{"line":76,"column":11},"end":{"line":92,"column":5}}]},"4":{"loc":{"start":{"line":76,"column":14},"end":{"line":76,"column":27}},"type":"binary-expr","locations":[{"start":{"line":76,"column":14},"end":{"line":76,"column":27}},{"start":{"line":76,"column":31},"end":{"line":76,"column":55}}]},"5":{"loc":{"start":{"line":78,"column":11},"end":{"line":92,"column":5}},"type":"if","locations":[{"start":{"line":78,"column":11},"end":{"line":92,"column":5}},{"start":{"line":78,"column":11},"end":{"line":92,"column":5}}]},"6":{"loc":{"start":{"line":78,"column":14},"end":{"line":78,"column":26}},"type":"binary-expr","locations":[{"start":{"line":78,"column":14},"end":{"line":78,"column":26}},{"start":{"line":78,"column":30},"end":{"line":78,"column":53}}]},"7":{"loc":{"start":{"line":80,"column":11},"end":{"line":92,"column":5}},"type":"if","locations":[{"start":{"line":80,"column":11},"end":{"line":92,"column":5}},{"start":{"line":80,"column":11},"end":{"line":92,"column":5}}]},"8":{"loc":{"start":{"line":80,"column":14},"end":{"line":80,"column":27}},"type":"binary-expr","locations":[{"start":{"line":80,"column":14},"end":{"line":80,"column":27}},{"start":{"line":80,"column":31},"end":{"line":80,"column":55}}]},"9":{"loc":{"start":{"line":82,"column":11},"end":{"line":92,"column":5}},"type":"if","locations":[{"start":{"line":82,"column":11},"end":{"line":92,"column":5}},{"start":{"line":82,"column":11},"end":{"line":92,"column":5}}]},"10":{"loc":{"start":{"line":82,"column":14},"end":{"line":82,"column":38}},"type":"binary-expr","locations":[{"start":{"line":82,"column":14},"end":{"line":82,"column":38}},{"start":{"line":82,"column":42},"end":{"line":82,"column":83}}]},"11":{"loc":{"start":{"line":85,"column":6},"end":{"line":91,"column":7}},"type":"if","locations":[{"start":{"line":85,"column":6},"end":{"line":91,"column":7}},{"start":{"line":85,"column":6},"end":{"line":91,"column":7}}]},"12":{"loc":{"start":{"line":102,"column":4},"end":{"line":148,"column":5}},"type":"if","locations":[{"start":{"line":102,"column":4},"end":{"line":148,"column":5}},{"start":{"line":102,"column":4},"end":{"line":148,"column":5}}]},"13":{"loc":{"start":{"line":103,"column":6},"end":{"line":105,"column":7}},"type":"if","locations":[{"start":{"line":103,"column":6},"end":{"line":105,"column":7}},{"start":{"line":103,"column":6},"end":{"line":105,"column":7}}]},"14":{"loc":{"start":{"line":107,"column":11},"end":{"line":148,"column":5}},"type":"if","locations":[{"start":{"line":107,"column":11},"end":{"line":148,"column":5}},{"start":{"line":107,"column":11},"end":{"line":148,"column":5}}]},"15":{"loc":{"start":{"line":108,"column":6},"end":{"line":110,"column":7}},"type":"if","locations":[{"start":{"line":108,"column":6},"end":{"line":110,"column":7}},{"start":{"line":108,"column":6},"end":{"line":110,"column":7}}]},"16":{"loc":{"start":{"line":112,"column":11},"end":{"line":148,"column":5}},"type":"if","locations":[{"start":{"line":112,"column":11},"end":{"line":148,"column":5}},{"start":{"line":112,"column":11},"end":{"line":148,"column":5}}]},"17":{"loc":{"start":{"line":113,"column":6},"end":{"line":120,"column":7}},"type":"if","locations":[{"start":{"line":113,"column":6},"end":{"line":120,"column":7}},{"start":{"line":113,"column":6},"end":{"line":120,"column":7}}]},"18":{"loc":{"start":{"line":115,"column":53},"end":{"line":115,"column":81}},"type":"cond-expr","locations":[{"start":{"line":115,"column":53},"end":{"line":115,"column":81}},{"start":{"line":115,"column":84},"end":{"line":115,"column":86}}]},"19":{"loc":{"start":{"line":116,"column":45},"end":{"line":116,"column":69}},"type":"cond-expr","locations":[{"start":{"line":116,"column":45},"end":{"line":116,"column":69}},{"start":{"line":116,"column":72},"end":{"line":116,"column":74}}]},"20":{"loc":{"start":{"line":122,"column":11},"end":{"line":148,"column":5}},"type":"if","locations":[{"start":{"line":122,"column":11},"end":{"line":148,"column":5}},{"start":{"line":122,"column":11},"end":{"line":148,"column":5}}]},"21":{"loc":{"start":{"line":123,"column":6},"end":{"line":130,"column":7}},"type":"if","locations":[{"start":{"line":123,"column":6},"end":{"line":130,"column":7}},{"start":{"line":123,"column":6},"end":{"line":130,"column":7}}]},"22":{"loc":{"start":{"line":125,"column":53},"end":{"line":125,"column":81}},"type":"cond-expr","locations":[{"start":{"line":125,"column":53},"end":{"line":125,"column":81}},{"start":{"line":125,"column":84},"end":{"line":125,"column":86}}]},"23":{"loc":{"start":{"line":126,"column":45},"end":{"line":126,"column":69}},"type":"cond-expr","locations":[{"start":{"line":126,"column":45},"end":{"line":126,"column":69}},{"start":{"line":126,"column":72},"end":{"line":126,"column":74}}]},"24":{"loc":{"start":{"line":132,"column":11},"end":{"line":148,"column":5}},"type":"if","locations":[{"start":{"line":132,"column":11},"end":{"line":148,"column":5}},{"start":{"line":132,"column":11},"end":{"line":148,"column":5}}]},"25":{"loc":{"start":{"line":133,"column":6},"end":{"line":140,"column":7}},"type":"if","locations":[{"start":{"line":133,"column":6},"end":{"line":140,"column":7}},{"start":{"line":133,"column":6},"end":{"line":140,"column":7}}]},"26":{"loc":{"start":{"line":135,"column":53},"end":{"line":135,"column":81}},"type":"cond-expr","locations":[{"start":{"line":135,"column":53},"end":{"line":135,"column":81}},{"start":{"line":135,"column":84},"end":{"line":135,"column":86}}]},"27":{"loc":{"start":{"line":136,"column":45},"end":{"line":136,"column":69}},"type":"cond-expr","locations":[{"start":{"line":136,"column":45},"end":{"line":136,"column":69}},{"start":{"line":136,"column":72},"end":{"line":136,"column":74}}]},"28":{"loc":{"start":{"line":142,"column":11},"end":{"line":148,"column":5}},"type":"if","locations":[{"start":{"line":142,"column":11},"end":{"line":148,"column":5}},{"start":{"line":142,"column":11},"end":{"line":148,"column":5}}]},"29":{"loc":{"start":{"line":143,"column":6},"end":{"line":146,"column":7}},"type":"if","locations":[{"start":{"line":143,"column":6},"end":{"line":146,"column":7}},{"start":{"line":143,"column":6},"end":{"line":146,"column":7}}]},"30":{"loc":{"start":{"line":144,"column":60},"end":{"line":144,"column":84}},"type":"cond-expr","locations":[{"start":{"line":144,"column":60},"end":{"line":144,"column":84}},{"start":{"line":144,"column":87},"end":{"line":144,"column":89}}]}},"s":{"0":1,"1":1,"2":1,"3":1,"4":7,"5":7,"6":7,"7":1,"8":1,"9":6,"10":6,"11":1,"12":5,"13":0,"14":5,"15":0,"16":5,"17":0,"18":5,"19":5,"20":0,"21":0,"22":6,"23":6,"24":6,"25":6,"26":6,"27":1,"28":1,"29":0,"30":5,"31":1,"32":1,"33":0,"34":4,"35":1,"36":1,"37":1,"38":0,"39":3,"40":1,"41":1,"42":1,"43":0,"44":2,"45":1,"46":1,"47":1,"48":0,"49":1,"50":1,"51":1,"52":1,"53":0,"54":0,"55":0},"f":{"0":7,"1":7,"2":7},"b":{"0":[1,6],"1":[1,5],"2":[6,1],"3":[0,5],"4":[5,0],"5":[0,5],"6":[5,0],"7":[0,5],"8":[5,0],"9":[5,0],"10":[5,5],"11":[0,5],"12":[1,5],"13":[1,0],"14":[1,4],"15":[1,0],"16":[1,3],"17":[1,0],"18":[1,0],"19":[1,0],"20":[1,2],"21":[1,0],"22":[1,0],"23":[1,0],"24":[1,1],"25":[1,0],"26":[1,0],"27":[1,0],"28":[1,0],"29":[1,0],"30":[1,0]}}
}
