TN:
SF:/home/kevin/go/src/github.com/getwagz/drs-listener/src/index.ts
FNF:0
FNH:0
DA:1,1
LF:1
LH:1
BRF:0
BRH:0
end_of_record
TN:
SF:/home/kevin/go/src/github.com/getwagz/drs-listener/src/router.test.messages.ts
FNF:0
FNH:0
DA:1,1
DA:2,1
DA:3,1
DA:4,1
DA:5,1
DA:6,1
DA:8,1
DA:17,1
DA:30,1
DA:43,1
DA:56,1
DA:69,1
DA:82,1
DA:95,1
LF:14
LH:14
BRF:0
BRH:0
end_of_record
TN:
SF:/home/kevin/go/src/github.com/getwagz/drs-listener/src/router.ts
FN:61,(anonymous_6)
FN:62,(anonymous_7)
FN:62,(anonymous_8)
FNF:3
FNH:3
FNDA:7,(anonymous_6)
FNDA:7,(anonymous_7)
FNDA:7,(anonymous_8)
DA:2,1
DA:4,1
DA:48,1
DA:61,1
DA:62,7
DA:63,7
DA:64,1
DA:68,1
DA:70,6
DA:74,6
DA:75,1
DA:76,5
DA:77,0
DA:78,5
DA:79,0
DA:80,5
DA:81,0
DA:82,5
DA:85,5
DA:86,0
DA:90,0
DA:95,6
DA:96,6
DA:97,6
DA:100,6
DA:102,6
DA:103,1
DA:104,1
DA:106,0
DA:107,5
DA:108,1
DA:109,1
DA:111,0
DA:112,4
DA:113,1
DA:114,1
DA:119,1
DA:121,0
DA:122,3
DA:123,1
DA:124,1
DA:129,1
DA:131,0
DA:132,2
DA:133,1
DA:134,1
DA:139,1
DA:141,0
DA:142,1
DA:143,1
DA:144,1
DA:145,1
DA:147,0
DA:151,0
DA:155,0
LF:55
LH:42
BRDA:63,0,0,1
BRDA:63,0,1,6
BRDA:74,1,0,1
BRDA:74,1,1,5
BRDA:74,2,0,6
BRDA:74,2,1,1
BRDA:76,3,0,0
BRDA:76,3,1,5
BRDA:76,4,0,5
BRDA:76,4,1,0
BRDA:78,5,0,0
BRDA:78,5,1,5
BRDA:78,6,0,5
BRDA:78,6,1,0
BRDA:80,7,0,0
BRDA:80,7,1,5
BRDA:80,8,0,5
BRDA:80,8,1,0
BRDA:82,9,0,5
BRDA:82,9,1,0
BRDA:82,10,0,5
BRDA:82,10,1,5
BRDA:85,11,0,0
BRDA:85,11,1,5
BRDA:102,12,0,1
BRDA:102,12,1,5
BRDA:103,13,0,1
BRDA:103,13,1,0
BRDA:107,14,0,1
BRDA:107,14,1,4
BRDA:108,15,0,1
BRDA:108,15,1,0
BRDA:112,16,0,1
BRDA:112,16,1,3
BRDA:113,17,0,1
BRDA:113,17,1,0
BRDA:115,18,0,1
BRDA:115,18,1,0
BRDA:116,19,0,1
BRDA:116,19,1,0
BRDA:122,20,0,1
BRDA:122,20,1,2
BRDA:123,21,0,1
BRDA:123,21,1,0
BRDA:125,22,0,1
BRDA:125,22,1,0
BRDA:126,23,0,1
BRDA:126,23,1,0
BRDA:132,24,0,1
BRDA:132,24,1,1
BRDA:133,25,0,1
BRDA:133,25,1,0
BRDA:135,26,0,1
BRDA:135,26,1,0
BRDA:136,27,0,1
BRDA:136,27,1,0
BRDA:142,28,0,1
BRDA:142,28,1,0
BRDA:143,29,0,1
BRDA:143,29,1,0
BRDA:144,30,0,1
BRDA:144,30,1,0
BRF:62
BRH:40
end_of_record
